This is pdfTeX, Version 3.141592653-2.6-1.40.24 (MiKTeX 22.3) (preloaded format=pdflatex 2022.7.17)  28 AUG 2022 13:47
entering extended mode
 restricted \write18 enabled.
 file:line:error style messages enabled.
 %&-line parsing enabled.
**"c:/Users/PC/Documents/Data Analysis/Código/formulas_1.tex"
(c:/Users/PC/Documents/Data Analysis/Código/formulas_1.tex
LaTeX2e <2021-11-15> patch level 1
L3 programming layer <2022-02-24> (H:\Programas instalados\Mytext\tex/latex/base\article.cls
Document Class: article 2021/10/04 v1.4n Standard LaTeX document class
(H:\Programas instalados\Mytext\tex/latex/base\size10.clo
File: size10.clo 2021/10/04 v1.4n Standard LaTeX file (size option)
)
\c@part=\count185
\c@section=\count186
\c@subsection=\count187
\c@subsubsection=\count188
\c@paragraph=\count189
\c@subparagraph=\count190
\c@figure=\count191
\c@table=\count192
\abovecaptionskip=\skip47
\belowcaptionskip=\skip48
\bibindent=\dimen138
) (H:\Programas instalados\Mytext\tex/latex/base\inputenc.sty
Package: inputenc 2021/02/14 v1.3d Input encoding file
\inpenc@prehook=\toks16
\inpenc@posthook=\toks17
) (H:\Programas instalados\Mytext\tex/latex/geometry\geometry.sty
Package: geometry 2020/01/02 v5.9 Page Geometry
 (H:\Programas instalados\Mytext\tex/latex/graphics\keyval.sty
Package: keyval 2014/10/28 v1.15 key=value parser (DPC)
\KV@toks@=\toks18
) (H:\Programas instalados\Mytext\tex/generic/iftex\ifvtex.sty
Package: ifvtex 2019/10/25 v1.7 ifvtex legacy package. Use iftex instead.
 (H:\Programas instalados\Mytext\tex/generic/iftex\iftex.sty
Package: iftex 2022/02/03 v1.0f TeX engine tests
))
\Gm@cnth=\count193
\Gm@cntv=\count194
\c@Gm@tempcnt=\count195
\Gm@bindingoffset=\dimen139
\Gm@wd@mp=\dimen140
\Gm@odd@mp=\dimen141
\Gm@even@mp=\dimen142
\Gm@layoutwidth=\dimen143
\Gm@layoutheight=\dimen144
\Gm@layouthoffset=\dimen145
\Gm@layoutvoffset=\dimen146
\Gm@dimlist=\toks19
 (H:\Programas instalados\Mytext\tex/latex/geometry\geometry.cfg)) (H:\Programas instalados\Mytext\tex/latex/amsfonts\amssymb.sty
Package: amssymb 2013/01/14 v3.01 AMS font symbols
 (H:\Programas instalados\Mytext\tex/latex/amsfonts\amsfonts.sty
Package: amsfonts 2013/01/14 v3.01 Basic AMSFonts support
\@emptytoks=\toks20
\symAMSa=\mathgroup4
\symAMSb=\mathgroup5
LaTeX Font Info:    Redeclaring math symbol \hbar on input line 98.
LaTeX Font Info:    Overwriting math alphabet `\mathfrak' in version `bold'
(Font)                  U/euf/m/n --> U/euf/b/n on input line 106.
)) (H:\Programas instalados\Mytext\tex/latex/amsmath\amsmath.sty
Package: amsmath 2021/10/15 v2.17l AMS math features
\@mathmargin=\skip49

For additional information on amsmath, use the `?' option.
(H:\Programas instalados\Mytext\tex/latex/amsmath\amstext.sty
Package: amstext 2021/08/26 v2.01 AMS text
 (H:\Programas instalados\Mytext\tex/latex/amsmath\amsgen.sty
File: amsgen.sty 1999/11/30 v2.0 generic functions
\@emptytoks=\toks21
\ex@=\dimen147
)) (H:\Programas instalados\Mytext\tex/latex/amsmath\amsbsy.sty
Package: amsbsy 1999/11/29 v1.2d Bold Symbols
\pmbraise@=\dimen148
) (H:\Programas instalados\Mytext\tex/latex/amsmath\amsopn.sty
Package: amsopn 2021/08/26 v2.02 operator names
)
\inf@bad=\count196
LaTeX Info: Redefining \frac on input line 234.
\uproot@=\count197
\leftroot@=\count198
LaTeX Info: Redefining \overline on input line 399.
\classnum@=\count199
\DOTSCASE@=\count266
LaTeX Info: Redefining \ldots on input line 496.
LaTeX Info: Redefining \dots on input line 499.
LaTeX Info: Redefining \cdots on input line 620.
\Mathstrutbox@=\box50
\strutbox@=\box51
\big@size=\dimen149
LaTeX Font Info:    Redeclaring font encoding OML on input line 743.
LaTeX Font Info:    Redeclaring font encoding OMS on input line 744.
\macc@depth=\count267
\c@MaxMatrixCols=\count268
\dotsspace@=\muskip16
\c@parentequation=\count269
\dspbrk@lvl=\count270
\tag@help=\toks22
\row@=\count271
\column@=\count272
\maxfields@=\count273
\andhelp@=\toks23
\eqnshift@=\dimen150
\alignsep@=\dimen151
\tagshift@=\dimen152
\tagwidth@=\dimen153
\totwidth@=\dimen154
\lineht@=\dimen155
\@envbody=\toks24
\multlinegap=\skip50
\multlinetaggap=\skip51
\mathdisplay@stack=\toks25
LaTeX Info: Redefining \[ on input line 2938.
LaTeX Info: Redefining \] on input line 2939.
) (H:\Programas instalados\Mytext\tex/latex/chemfig\chemfig.sty (H:\Programas instalados\Mytext\tex/latex/pgf/frontendlayer\tikz.sty (H:\Programas instalados\Mytext\tex/latex/pgf/basiclayer\pgf.sty (H:\Programas instalados\Mytext\tex/latex/pgf/utilities\pgfrcs.sty (H:\Programas instalados\Mytext\tex/generic/pgf/utilities\pgfutil-common.tex
\pgfutil@everybye=\toks26
\pgfutil@tempdima=\dimen156
\pgfutil@tempdimb=\dimen157
 (H:\Programas instalados\Mytext\tex/generic/pgf/utilities\pgfutil-common-lists.tex)) (H:\Programas instalados\Mytext\tex/generic/pgf/utilities\pgfutil-latex.def
\pgfutil@abb=\box52
) (H:\Programas instalados\Mytext\tex/generic/pgf/utilities\pgfrcs.code.tex (H:\Programas instalados\Mytext\tex/generic/pgf\pgf.revision.tex)
Package: pgfrcs 2021/05/15 v3.1.9a (3.1.9a)
))
Package: pgf 2021/05/15 v3.1.9a (3.1.9a)
 (H:\Programas instalados\Mytext\tex/latex/pgf/basiclayer\pgfcore.sty (H:\Programas instalados\Mytext\tex/latex/graphics\graphicx.sty
Package: graphicx 2021/09/16 v1.2d Enhanced LaTeX Graphics (DPC,SPQR)
 (H:\Programas instalados\Mytext\tex/latex/graphics\graphics.sty
Package: graphics 2021/03/04 v1.4d Standard LaTeX Graphics (DPC,SPQR)
 (H:\Programas instalados\Mytext\tex/latex/graphics\trig.sty
Package: trig 2021/08/11 v1.11 sin cos tan (DPC)
) (H:\Programas instalados\Mytext\tex/latex/graphics-cfg\graphics.cfg
File: graphics.cfg 2016/06/04 v1.11 sample graphics configuration
)
Package graphics Info: Driver file: pdftex.def on input line 107.
 (H:\Programas instalados\Mytext\tex/latex/graphics-def\pdftex.def
File: pdftex.def 2020/10/05 v1.2a Graphics/color driver for pdftex
))
\Gin@req@height=\dimen158
\Gin@req@width=\dimen159
) (H:\Programas instalados\Mytext\tex/latex/pgf/systemlayer\pgfsys.sty (H:\Programas instalados\Mytext\tex/generic/pgf/systemlayer\pgfsys.code.tex
Package: pgfsys 2021/05/15 v3.1.9a (3.1.9a)
 (H:\Programas instalados\Mytext\tex/generic/pgf/utilities\pgfkeys.code.tex
\pgfkeys@pathtoks=\toks27
\pgfkeys@temptoks=\toks28
 (H:\Programas instalados\Mytext\tex/generic/pgf/utilities\pgfkeysfiltered.code.tex
\pgfkeys@tmptoks=\toks29
))
\pgf@x=\dimen160
\pgf@y=\dimen161
\pgf@xa=\dimen162
\pgf@ya=\dimen163
\pgf@xb=\dimen164
\pgf@yb=\dimen165
\pgf@xc=\dimen166
\pgf@yc=\dimen167
\pgf@xd=\dimen168
\pgf@yd=\dimen169
\w@pgf@writea=\write3
\r@pgf@reada=\read2
\c@pgf@counta=\count274
\c@pgf@countb=\count275
\c@pgf@countc=\count276
\c@pgf@countd=\count277
\t@pgf@toka=\toks30
\t@pgf@tokb=\toks31
\t@pgf@tokc=\toks32
\pgf@sys@id@count=\count278
 (H:\Programas instalados\Mytext\tex/generic/pgf/systemlayer\pgf.cfg
File: pgf.cfg 2021/05/15 v3.1.9a (3.1.9a)
)
Driver file for pgf: pgfsys-pdftex.def
 (H:\Programas instalados\Mytext\tex/generic/pgf/systemlayer\pgfsys-pdftex.def
File: pgfsys-pdftex.def 2021/05/15 v3.1.9a (3.1.9a)
 (H:\Programas instalados\Mytext\tex/generic/pgf/systemlayer\pgfsys-common-pdf.def
File: pgfsys-common-pdf.def 2021/05/15 v3.1.9a (3.1.9a)
))) (H:\Programas instalados\Mytext\tex/generic/pgf/systemlayer\pgfsyssoftpath.code.tex
File: pgfsyssoftpath.code.tex 2021/05/15 v3.1.9a (3.1.9a)
\pgfsyssoftpath@smallbuffer@items=\count279
\pgfsyssoftpath@bigbuffer@items=\count280
) (H:\Programas instalados\Mytext\tex/generic/pgf/systemlayer\pgfsysprotocol.code.tex
File: pgfsysprotocol.code.tex 2021/05/15 v3.1.9a (3.1.9a)
)) (H:\Programas instalados\Mytext\tex/latex/xcolor\xcolor.sty
Package: xcolor 2021/10/31 v2.13 LaTeX color extensions (UK)
 (H:\Programas instalados\Mytext\tex/latex/graphics-cfg\color.cfg
File: color.cfg 2016/01/02 v1.6 sample color configuration
)
Package xcolor Info: Driver file: pdftex.def on input line 227.
Package xcolor Info: Model `cmy' substituted by `cmy0' on input line 1352.
Package xcolor Info: Model `hsb' substituted by `rgb' on input line 1356.
Package xcolor Info: Model `RGB' extended on input line 1368.
Package xcolor Info: Model `HTML' substituted by `rgb' on input line 1370.
Package xcolor Info: Model `Hsb' substituted by `hsb' on input line 1371.
Package xcolor Info: Model `tHsb' substituted by `hsb' on input line 1372.
Package xcolor Info: Model `HSB' substituted by `hsb' on input line 1373.
Package xcolor Info: Model `Gray' substituted by `gray' on input line 1374.
Package xcolor Info: Model `wave' substituted by `hsb' on input line 1375.
) (H:\Programas instalados\Mytext\tex/generic/pgf/basiclayer\pgfcore.code.tex
Package: pgfcore 2021/05/15 v3.1.9a (3.1.9a)
 (H:\Programas instalados\Mytext\tex/generic/pgf/math\pgfmath.code.tex (H:\Programas instalados\Mytext\tex/generic/pgf/math\pgfmathcalc.code.tex (H:\Programas instalados\Mytext\tex/generic/pgf/math\pgfmathutil.code.tex) (H:\Programas instalados\Mytext\tex/generic/pgf/math\pgfmathparser.code.tex
\pgfmath@dimen=\dimen170
\pgfmath@count=\count281
\pgfmath@box=\box53
\pgfmath@toks=\toks33
\pgfmath@stack@operand=\toks34
\pgfmath@stack@operation=\toks35
) (H:\Programas instalados\Mytext\tex/generic/pgf/math\pgfmathfunctions.code.tex (H:\Programas instalados\Mytext\tex/generic/pgf/math\pgfmathfunctions.basic.code.tex) (H:\Programas instalados\Mytext\tex/generic/pgf/math\pgfmathfunctions.trigonometric.code.tex) (H:\Programas instalados\Mytext\tex/generic/pgf/math\pgfmathfunctions.random.code.tex) (H:\Programas instalados\Mytext\tex/generic/pgf/math\pgfmathfunctions.comparison.code.tex) (H:\Programas instalados\Mytext\tex/generic/pgf/math\pgfmathfunctions.base.code.tex) (H:\Programas instalados\Mytext\tex/generic/pgf/math\pgfmathfunctions.round.code.tex) (H:\Programas instalados\Mytext\tex/generic/pgf/math\pgfmathfunctions.misc.code.tex) (H:\Programas instalados\Mytext\tex/generic/pgf/math\pgfmathfunctions.integerarithmetics.code.tex))) (H:\Programas instalados\Mytext\tex/generic/pgf/math\pgfmathfloat.code.tex
\c@pgfmathroundto@lastzeros=\count282
)) (H:\Programas instalados\Mytext\tex/generic/pgf/math\pgfint.code.tex) (H:\Programas instalados\Mytext\tex/generic/pgf/basiclayer\pgfcorepoints.code.tex
File: pgfcorepoints.code.tex 2021/05/15 v3.1.9a (3.1.9a)
\pgf@picminx=\dimen171
\pgf@picmaxx=\dimen172
\pgf@picminy=\dimen173
\pgf@picmaxy=\dimen174
\pgf@pathminx=\dimen175
\pgf@pathmaxx=\dimen176
\pgf@pathminy=\dimen177
\pgf@pathmaxy=\dimen178
\pgf@xx=\dimen179
\pgf@xy=\dimen180
\pgf@yx=\dimen181
\pgf@yy=\dimen182
\pgf@zx=\dimen183
\pgf@zy=\dimen184
) (H:\Programas instalados\Mytext\tex/generic/pgf/basiclayer\pgfcorepathconstruct.code.tex
File: pgfcorepathconstruct.code.tex 2021/05/15 v3.1.9a (3.1.9a)
\pgf@path@lastx=\dimen185
\pgf@path@lasty=\dimen186
) (H:\Programas instalados\Mytext\tex/generic/pgf/basiclayer\pgfcorepathusage.code.tex
File: pgfcorepathusage.code.tex 2021/05/15 v3.1.9a (3.1.9a)
\pgf@shorten@end@additional=\dimen187
\pgf@shorten@start@additional=\dimen188
) (H:\Programas instalados\Mytext\tex/generic/pgf/basiclayer\pgfcorescopes.code.tex
File: pgfcorescopes.code.tex 2021/05/15 v3.1.9a (3.1.9a)
\pgfpic=\box54
\pgf@hbox=\box55
\pgf@layerbox@main=\box56
\pgf@picture@serial@count=\count283
) (H:\Programas instalados\Mytext\tex/generic/pgf/basiclayer\pgfcoregraphicstate.code.tex
File: pgfcoregraphicstate.code.tex 2021/05/15 v3.1.9a (3.1.9a)
\pgflinewidth=\dimen189
) (H:\Programas instalados\Mytext\tex/generic/pgf/basiclayer\pgfcoretransformations.code.tex
File: pgfcoretransformations.code.tex 2021/05/15 v3.1.9a (3.1.9a)
\pgf@pt@x=\dimen190
\pgf@pt@y=\dimen191
\pgf@pt@temp=\dimen192
) (H:\Programas instalados\Mytext\tex/generic/pgf/basiclayer\pgfcorequick.code.tex
File: pgfcorequick.code.tex 2021/05/15 v3.1.9a (3.1.9a)
) (H:\Programas instalados\Mytext\tex/generic/pgf/basiclayer\pgfcoreobjects.code.tex
File: pgfcoreobjects.code.tex 2021/05/15 v3.1.9a (3.1.9a)
) (H:\Programas instalados\Mytext\tex/generic/pgf/basiclayer\pgfcorepathprocessing.code.tex
File: pgfcorepathprocessing.code.tex 2021/05/15 v3.1.9a (3.1.9a)
) (H:\Programas instalados\Mytext\tex/generic/pgf/basiclayer\pgfcorearrows.code.tex
File: pgfcorearrows.code.tex 2021/05/15 v3.1.9a (3.1.9a)
\pgfarrowsep=\dimen193
) (H:\Programas instalados\Mytext\tex/generic/pgf/basiclayer\pgfcoreshade.code.tex
File: pgfcoreshade.code.tex 2021/05/15 v3.1.9a (3.1.9a)
\pgf@max=\dimen194
\pgf@sys@shading@range@num=\count284
\pgf@shadingcount=\count285
) (H:\Programas instalados\Mytext\tex/generic/pgf/basiclayer\pgfcoreimage.code.tex
File: pgfcoreimage.code.tex 2021/05/15 v3.1.9a (3.1.9a)
 (H:\Programas instalados\Mytext\tex/generic/pgf/basiclayer\pgfcoreexternal.code.tex
File: pgfcoreexternal.code.tex 2021/05/15 v3.1.9a (3.1.9a)
\pgfexternal@startupbox=\box57
)) (H:\Programas instalados\Mytext\tex/generic/pgf/basiclayer\pgfcorelayers.code.tex
File: pgfcorelayers.code.tex 2021/05/15 v3.1.9a (3.1.9a)
) (H:\Programas instalados\Mytext\tex/generic/pgf/basiclayer\pgfcoretransparency.code.tex
File: pgfcoretransparency.code.tex 2021/05/15 v3.1.9a (3.1.9a)
) (H:\Programas instalados\Mytext\tex/generic/pgf/basiclayer\pgfcorepatterns.code.tex
File: pgfcorepatterns.code.tex 2021/05/15 v3.1.9a (3.1.9a)
) (H:\Programas instalados\Mytext\tex/generic/pgf/basiclayer\pgfcorerdf.code.tex
File: pgfcorerdf.code.tex 2021/05/15 v3.1.9a (3.1.9a)
))) (H:\Programas instalados\Mytext\tex/generic/pgf/modules\pgfmoduleshapes.code.tex
File: pgfmoduleshapes.code.tex 2021/05/15 v3.1.9a (3.1.9a)
\pgfnodeparttextbox=\box58
) (H:\Programas instalados\Mytext\tex/generic/pgf/modules\pgfmoduleplot.code.tex
File: pgfmoduleplot.code.tex 2021/05/15 v3.1.9a (3.1.9a)
) (H:\Programas instalados\Mytext\tex/latex/pgf/compatibility\pgfcomp-version-0-65.sty
Package: pgfcomp-version-0-65 2021/05/15 v3.1.9a (3.1.9a)
\pgf@nodesepstart=\dimen195
\pgf@nodesepend=\dimen196
) (H:\Programas instalados\Mytext\tex/latex/pgf/compatibility\pgfcomp-version-1-18.sty
Package: pgfcomp-version-1-18 2021/05/15 v3.1.9a (3.1.9a)
)) (H:\Programas instalados\Mytext\tex/latex/pgf/utilities\pgffor.sty (H:\Programas instalados\Mytext\tex/latex/pgf/utilities\pgfkeys.sty (H:\Programas instalados\Mytext\tex/generic/pgf/utilities\pgfkeys.code.tex)) (H:\Programas instalados\Mytext\tex/latex/pgf/math\pgfmath.sty (H:\Programas instalados\Mytext\tex/generic/pgf/math\pgfmath.code.tex)) (H:\Programas instalados\Mytext\tex/generic/pgf/utilities\pgffor.code.tex
Package: pgffor 2021/05/15 v3.1.9a (3.1.9a)
 (H:\Programas instalados\Mytext\tex/generic/pgf/math\pgfmath.code.tex)
\pgffor@iter=\dimen197
\pgffor@skip=\dimen198
\pgffor@stack=\toks36
\pgffor@toks=\toks37
)) (H:\Programas instalados\Mytext\tex/generic/pgf/frontendlayer/tikz\tikz.code.tex
Package: tikz 2021/05/15 v3.1.9a (3.1.9a)
 (H:\Programas instalados\Mytext\tex/generic/pgf/libraries\pgflibraryplothandlers.code.tex
File: pgflibraryplothandlers.code.tex 2021/05/15 v3.1.9a (3.1.9a)
\pgf@plot@mark@count=\count286
\pgfplotmarksize=\dimen199
)
\tikz@lastx=\dimen256
\tikz@lasty=\dimen257
\tikz@lastxsaved=\dimen258
\tikz@lastysaved=\dimen259
\tikz@lastmovetox=\dimen260
\tikz@lastmovetoy=\dimen261
\tikzleveldistance=\dimen262
\tikzsiblingdistance=\dimen263
\tikz@figbox=\box59
\tikz@figbox@bg=\box60
\tikz@tempbox=\box61
\tikz@tempbox@bg=\box62
\tikztreelevel=\count287
\tikznumberofchildren=\count288
\tikznumberofcurrentchild=\count289
\tikz@fig@count=\count290
 (H:\Programas instalados\Mytext\tex/generic/pgf/modules\pgfmodulematrix.code.tex
File: pgfmodulematrix.code.tex 2021/05/15 v3.1.9a (3.1.9a)
\pgfmatrixcurrentrow=\count291
\pgfmatrixcurrentcolumn=\count292
\pgf@matrix@numberofcolumns=\count293
)
\tikz@expandcount=\count294
 (H:\Programas instalados\Mytext\tex/generic/pgf/frontendlayer/tikz/libraries\tikzlibrarytopaths.code.tex
File: tikzlibrarytopaths.code.tex 2021/05/15 v3.1.9a (3.1.9a)
))) (H:\Programas instalados\Mytext\tex/generic/chemfig\chemfig.tex (H:\Programas instalados\Mytext\tex/generic/simplekv\simplekv.tex
Package: simplekv 2020/04/27 v0.2 Simple keyval package (CT)
) (H:\Programas instalados\Mytext\tex/generic/pgf/libraries\pgflibraryarrows.meta.code.tex
File: pgflibraryarrows.meta.code.tex 2021/05/15 v3.1.9a (3.1.9a)
\pgfarrowinset=\dimen264
\pgfarrowlength=\dimen265
\pgfarrowwidth=\dimen266
\pgfarrowlinewidth=\dimen267
)
\CF_cntatomgroup=\count295
\CF_cntgroup=\count296
\CF_cntatom=\count297
\CF_cntcycle=\count298
\CF_cntcyclebonds=\count299
\CF_cntcompound=\count300
\CF_dim=\dimen268
\CF_arrowsize=\dimen269
\CF_zero=\dimen270
\CF_box=\box63
\CF_boxstuff=\box64
\CF_testbox=\box65
\CF_chargebox=\box66
\CF_substtoks=\toks38
)
Package: chemfig 2021/08/01 v1.6b Draw molecule with an easy syntax (CT)
) (H:\Programas instalados\Mytext\tex/latex/xymtex\xymtex.sty
Package `xymtex' (ver5.01) <March 10, 2013> [SF]
xymtex.sty ver5.01 (for LaTeX2e) 2013/03/10[SF]
(H:\Programas instalados\Mytext\tex/latex/eepic\epic.sty
Enhancements to Picture Environment. Version 1.2 - Released June 1, 1986
\@@multicnt=\count301
\d@lta=\count302
\@delta=\dimen271
\@@delta=\dimen272
\@gridcnt=\count303
\@joinkind=\count304
\@dotgap=\dimen273
\@ddotgap=\dimen274
\@x@diff=\count305
\@y@diff=\count306
\x@diff=\dimen275
\y@diff=\dimen276
\@dotbox=\box67
\num@segments=\count307
\num@segmentsi=\count308
\@datafile=\read3
) (H:\Programas instalados\Mytext\tex/latex/xymtex\chemstr.sty
XyMTeX for Drawing Chemical Structural Formulas. Version 5.01
 -- Released June 19, 2013 by Shinsaku Fujita
XyMTeX Macro File `chemstr' (ver5.01) <June 19, 2013> [SF]
\@tempcntXa=\count309
\@tempcntYa=\count310
\@tempcntz=\count311
\@tempcntXb=\count312
\@tempcntYb=\count313
\@tempcntzz=\count314
\@tempcntXc=\count315
\@tempcntYc=\count316
\@tempcntzzz=\count317
\@tempcntXd=\count318
\@tempcntYd=\count319
\@tempcntzzzz=\count320
\@dimtempa=\dimen277
\@tempdimd=\dimen278
\@tempdime=\dimen279
\@cnttempa=\count321
\@cnttempb=\count322
\noshift=\count323
\shifti=\count324
\shiftii=\count325
\shiftiii=\count326
\@tmpaa=\count327
\yl@xdiff=\count328
\yl@ydiff=\count329
\yl@shiftii=\count330
\yl@shifti=\count331
\x@ryl=\count332
\y@ryl=\count333
) (H:\Programas instalados\Mytext\tex/latex/xymtex\carom.sty
XyMTeX for Drawing Chemical Structural Formulas. Version 5.00
 -- Released October 01, 2010 by Shinsaku Fujita
XyMTeX Macro File `carom' (ver5.00) <October 01, 2010> [SF]
(H:\Programas instalados\Mytext\tex/latex/xymtex\hetarom.sty
XyMTeX for Drawing Chemical Structural Formulas. Version 5.01
 -- Released March 19, 2013 by Shinsaku Fujita
XyMTeX Macro File `hetarom' (ver5.01) <March 19, 2013> [SF]
) (H:\Programas instalados\Mytext\tex/latex/xymtex\hetaromh.sty
XyMTeX for Drawing Chemical Structural Formulas. Version 5.01
 -- Released March 19, 2013 by Shinsaku Fujita
XyMTeX Macro File `hetaromh' (ver5.01) <March 19, 2013> [SF]
)) (H:\Programas instalados\Mytext\tex/latex/xymtex\hetarom.sty
XyMTeX for Drawing Chemical Structural Formulas. Version 5.01
 -- Released March 19, 2013 by Shinsaku Fujita
XyMTeX Macro File `hetarom' (ver5.01) <March 19, 2013> [SF]
) (H:\Programas instalados\Mytext\tex/latex/xymtex\hetaromh.sty
XyMTeX for Drawing Chemical Structural Formulas. Version 5.01
 -- Released March 19, 2013 by Shinsaku Fujita
XyMTeX Macro File `hetaromh' (ver5.01) <March 19, 2013> [SF]
) (H:\Programas instalados\Mytext\tex/latex/xymtex\lowcycle.sty
XyMTeX for Drawing Chemical Structural Formulas. Version 5.00
 -- Released October 01, 2010 by Shinsaku Fujita
XyMTeX Macro File `lowcycle' (ver5.00) <October 01, 2010> [SF]
) (H:\Programas instalados\Mytext\tex/latex/xymtex\ccycle.sty
XyMTeX for Drawing Chemical Structural Formulas. Version 5.01
 -- Released July 23, 2013 by Shinsaku Fujita
XyMTeX Macro File `ccycle' (ver5.01) <July 23, 2013> [SF]
) (H:\Programas instalados\Mytext\tex/latex/xymtex\hcycle.sty
XyMTeX for Drawing Chemical Structural Formulas. Version 5.01
 -- Released June 25, 2013 by Shinsaku Fujita
XyMTeX Macro File `hcycle' (ver5.01) <June 25, 2013> [SF]
) (H:\Programas instalados\Mytext\tex/latex/xymtex\aliphat.sty
XyMTeX for Drawing Chemical Structural Formulas. Version 5.01
 -- Released July 20, 2013 by Shinsaku Fujita
XyMTeX Macro File `aliphat' (ver5.01) <July 20, 2013> [SF]
) (H:\Programas instalados\Mytext\tex/latex/xymtex\locant.sty
XyMTeX for Drawing Chemical Structural Formulas. Version 5.00
 -- Released October 01, 2010 by Shinsaku Fujita
XyMTeX Macro File `locant' (ver4.00) <October 01, 2010> [SF]
) (H:\Programas instalados\Mytext\tex/latex/xymtex\polymers.sty
XyMTeX for Drawing Chemical Structural Formulas. Version 5.00
 -- Released October 01, 2010 by Shinsaku Fujita
XyMTeX Macro File `polymers' (ver5.00) <October 01, 2010> [SF]
) (H:\Programas instalados\Mytext\tex/latex/xymtex\methylen.sty
XyMTeX for Drawing Chemical Structural Formulas. Version 5.01
 -- Released July 20, 2013 by Shinsaku Fujita
XyMTeX Macro File `methylen' (ver5.01) <July 20, 2013> [SF]
\test@termcnt=\count334
) (H:\Programas instalados\Mytext\tex/latex/xymtex\fusering.sty
XyMTeX for Drawing Chemical Structural Formulas. Version 5.00
 -- Released October 01, 2010 by Shinsaku Fujita
XyMTeX Macro File `fusering' (ver5.00) <October 01, 2010> [SF]
) (H:\Programas instalados\Mytext\tex/latex/xymtex\sizeredc.sty
XyMTeX for Drawing Chemical Structural Formulas. Version 5.00
 -- Released October 01, 2010 by Shinsaku Fujita
XyMTeX Macro File `sizeredc' (ver5.00) <October 01, 2010> [SF]
\@tempcntx=\count335
\@tempcnty=\count336
\@tempcntz=\count337
\@xArg=\count338
\@yArg=\count339
) (H:\Programas instalados\Mytext\tex/latex/xymtex\steroid.sty
XyMTeX for Drawing Chemical Structural Formulas. Version 5.00
 -- Released October 01, 2010 by Shinsaku Fujita
XyMTeX Macro File `steroid' (ver5.00) <October 01, 2010> [SF]
) (H:\Programas instalados\Mytext\tex/latex/xymtex\lewisstruc.sty
Part of XyMTeX for Drawing Chemical Structural Formulas. Version 5.01
 -- Released August 02, 2013 by Shinsaku Fujita
XyMTeX Macro File `lewisstruc' (ver5.01) <August 02, 2013> [SF]
) (H:\Programas instalados\Mytext\tex/latex/xymtex\bondcolor.sty
Part of XyMTeX for Drawing Chemical Structural Formulas. Version 5.00
 -- Released October 01, 2010 by Shinsaku Fujita
XyMTeX Macro File `bondcolor' (ver5.00) <October 01, 2010> [SF]
) (H:\Programas instalados\Mytext\tex/latex/xymtex\assurelatexmode.sty
Part of XyMTeX for Drawing Chemical Structural Formulas. Version 5.01
 -- Released May 27, 2013 by Shinsaku Fujita
XyMTeX Macro File `assurelatexmode' (ver5.01) <May 27, 2013> [SF]
) (H:\Programas instalados\Mytext\tex/latex/xymtex\chemist.sty
Package `chemist' (ver5.01) <June 6, 2013> [SF]
chemist.sty ver5.01 (for LaTeX2e) 2013/06/06[SF]
\c@compd=\count340
\c@deriv=\count341
\reactarrowsep=\dimen280
\verbatimleftmargin=\dimen281
\verbatimbaselineskip=\dimen282
\hsgr@d=\dimen283
\vsgr@d=\dimen284
\vwgr@d=\dimen285
\hwgr@d=\dimen286
\vsepgr@d=\dimen287
\hsepgr@d=\dimen288
\nrep=\count342
\nrepmax=\count343
\ybaselineshift=\dimen289
\tbaselineshift=\dimen290
\@savetbaselineshift=\dimen291
LaTeX Info: Redefining \rm on input line 788.
LaTeX Info: Redefining \mathversion on input line 892.
\c@mv@chem=\count344
LaTeX Font Info:    Encoding `OML' has changed to `OT1' for symbol font
(Font)              `letters' in the math version `chem' on input line 965.
LaTeX Font Info:    Overwriting symbol font `letters' in version `chem'
(Font)                  OML/cmm/m/it --> OT1/cmr/m/n on input line 965.
LaTeX Font Info:    Overwriting symbol font `operators' in version `chem'
(Font)                  OT1/cmr/m/n --> OT1/cmr/m/n on input line 965.
LaTeX Font Info:    Overwriting symbol font `symbols' in version `chem'
(Font)                  OMS/cmsy/m/n --> OMS/cmsy/m/n on input line 965.
\c@mv@boldchem=\count345
LaTeX Font Info:    Overwriting symbol font `operators' in version `boldchem'
(Font)                  OT1/cmr/m/n --> OT1/cmr/bx/n on input line 965.
LaTeX Font Info:    Encoding `OML' has changed to `OT1' for symbol font
(Font)              `letters' in the math version `boldchem' on input line 965.
LaTeX Font Info:    Overwriting symbol font `letters' in version `boldchem'
(Font)                  OML/cmm/m/it --> OT1/cmr/b/n on input line 965.
LaTeX Font Info:    Overwriting symbol font `symbols' in version `boldchem'
(Font)                  OMS/cmsy/m/n --> OMS/cmsy/b/n on input line 965.
\TestCount=\count346
(H:\Programas instalados\Mytext\tex/latex/xymtex\assurechemist.sty
Part of XyMTeX for Drawing Chemical Structural Formulas. Version 5.00
 -- Released October 01, 2010 by Shinsaku Fujita
XyMTeX Macro File `assurechemist' (ver5.00) <October 01, 2010> [SF]
))) (H:\Programas instalados\Mytext\tex/latex/l3backend\l3backend-pdftex.def
File: l3backend-pdftex.def 2022-02-07 L3 backend support: PDF output (pdfTeX)
\l__color_backend_stack_int=\count347
\l__pdf_internal_box=\box68
) (formulas_1.aux)
\openout1 = `formulas_1.aux'.

LaTeX Font Info:    Checking defaults for OML/cmm/m/it on input line 18.
LaTeX Font Info:    ... okay on input line 18.
LaTeX Font Info:    Checking defaults for OMS/cmsy/m/n on input line 18.
LaTeX Font Info:    ... okay on input line 18.
LaTeX Font Info:    Checking defaults for OT1/cmr/m/n on input line 18.
LaTeX Font Info:    ... okay on input line 18.
LaTeX Font Info:    Checking defaults for T1/cmr/m/n on input line 18.
LaTeX Font Info:    ... okay on input line 18.
LaTeX Font Info:    Checking defaults for TS1/cmr/m/n on input line 18.
LaTeX Font Info:    ... okay on input line 18.
LaTeX Font Info:    Checking defaults for OMX/cmex/m/n on input line 18.
LaTeX Font Info:    ... okay on input line 18.
LaTeX Font Info:    Checking defaults for U/cmr/m/n on input line 18.
LaTeX Font Info:    ... okay on input line 18.

*geometry* driver: auto-detecting
*geometry* detected driver: pdftex
*geometry* verbose mode - [ preamble ] result:
* driver: pdftex
* paper: <default>
* layout: <same size as paper>
* layoutoffset:(h,v)=(0.0pt,0.0pt)
* modes: 
* h-part:(L,W,R)=(193.33647pt, 227.62204pt, 193.33649pt)
* v-part:(T,H,B)=(95.39737pt, 556.47656pt, 143.09605pt)
* \paperwidth=614.295pt
* \paperheight=794.96999pt
* \textwidth=227.62204pt
* \textheight=556.47656pt
* \oddsidemargin=121.06648pt
* \evensidemargin=121.06648pt
* \topmargin=-13.87262pt
* \headheight=12.0pt
* \headsep=25.0pt
* \topskip=10.0pt
* \footskip=30.0pt
* \marginparwidth=65.0pt
* \marginparsep=11.0pt
* \columnsep=10.0pt
* \skip\footins=9.0pt plus 4.0pt minus 2.0pt
* \hoffset=0.0pt
* \voffset=0.0pt
* \mag=1000
* \@twocolumnfalse
* \@twosidefalse
* \@mparswitchfalse
* \@reversemarginfalse
* (1in=72.27pt=25.4mm, 1cm=28.453pt)

(H:\Programas instalados\Mytext\tex/context/base/mkii\supp-pdf.mkii
[Loading MPS to PDF converter (version 2006.09.02).]
\scratchcounter=\count348
\scratchdimen=\dimen292
\scratchbox=\box69
\nofMPsegments=\count349
\nofMParguments=\count350
\everyMPshowfont=\toks39
\MPscratchCnt=\count351
\MPscratchDim=\dimen293
\MPnumerator=\count352
\makeMPintoPDFobject=\count353
\everyMPtoPDFconversion=\toks40
) (H:\Programas instalados\Mytext\tex/latex/epstopdf-pkg\epstopdf-base.sty
Package: epstopdf-base 2020-01-24 v2.11 Base part for package epstopdf
Package epstopdf-base Info: Redefining graphics rule for `.eps' on input line 485.
 (H:\Programas instalados\Mytext\tex/latex/00miktex\epstopdf-sys.cfg
File: epstopdf-sys.cfg 2021/03/18 v2.0 Configuration of epstopdf for MiKTeX
))
LaTeX Font Info:    Trying to load font information for U+msa on input line 19.
 (H:\Programas instalados\Mytext\tex/latex/amsfonts\umsa.fd
File: umsa.fd 2013/01/14 v3.01 AMS symbols A
)
LaTeX Font Info:    Trying to load font information for U+msb on input line 19.
 (H:\Programas instalados\Mytext\tex/latex/amsfonts\umsb.fd
File: umsb.fd 2013/01/14 v3.01 AMS symbols B
)

LaTeX Warning: Command \textquoteright invalid in math mode on input line 78.


LaTeX Warning: Command \textquoteright invalid in math mode on input line 78.


LaTeX Warning: Command \textquoteright invalid in math mode on input line 81.


LaTeX Warning: Command \textquoteright invalid in math mode on input line 81.


LaTeX Warning: Command \textquoteright invalid in math mode on input line 81.


Underfull \hbox (badness 10000) in paragraph at lines 29--83

 []


Underfull \hbox (badness 10000) in paragraph at lines 29--83

 []


Underfull \hbox (badness 10000) in paragraph at lines 29--83

 []


Underfull \hbox (badness 10000) in paragraph at lines 29--83

 []


Underfull \hbox (badness 10000) in paragraph at lines 29--83

 []


Underfull \hbox (badness 10000) in paragraph at lines 29--83

 []


Underfull \hbox (badness 10000) in paragraph at lines 29--83

 []


Underfull \hbox (badness 10000) in paragraph at lines 29--83

 []


Underfull \hbox (badness 10000) in paragraph at lines 29--83

 []


Underfull \hbox (badness 10000) in paragraph at lines 29--83

 []


Underfull \hbox (badness 10000) in paragraph at lines 29--83

 []


Underfull \hbox (badness 10000) in paragraph at lines 29--83

 []


Underfull \hbox (badness 10000) in paragraph at lines 29--83

 []


Underfull \hbox (badness 10000) in paragraph at lines 29--83

 []


Underfull \hbox (badness 10000) in paragraph at lines 29--83

 []


Underfull \hbox (badness 10000) in paragraph at lines 29--83

 []


Underfull \hbox (badness 10000) in paragraph at lines 29--83

 []


Underfull \hbox (badness 10000) in paragraph at lines 29--83

 []


Underfull \hbox (badness 10000) in paragraph at lines 29--83

 []


Underfull \hbox (badness 10000) in paragraph at lines 29--83

 []


Underfull \hbox (badness 10000) in paragraph at lines 29--83

 []


Underfull \hbox (badness 10000) in paragraph at lines 29--83

 []


Underfull \hbox (badness 10000) in paragraph at lines 29--83

 []


Overfull \hbox (61.24272pt too wide) in paragraph at lines 29--83
[] 
 []


Underfull \hbox (badness 10000) in paragraph at lines 29--83

 []

[1

{C:/Users/PC/AppData/Local/MiKTeX/fonts/map/pdftex/pdftex.map}] [2] [3]
Underfull \hbox (badness 10000) in paragraph at lines 86--95

 []


Overfull \hbox (2.392pt too wide) in paragraph at lines 86--95
[] 
 []

[4] (formulas_1.aux) ) 
Here is how much of TeX's memory you used:
 18562 strings out of 478582
 355762 string characters out of 2850885
 955659 words of memory out of 3000000
 36436 multiletter control sequences out of 15000+600000
 475902 words of font info for 55 fonts, out of 8000000 for 9000
 1141 hyphenation exceptions out of 8191
 115i,16n,118p,473b,1557s stack positions out of 10000i,1000n,20000p,200000b,80000s
<H:/Programas instalados/Mytext/fonts/type1/public/amsfonts/cm/cmmi10.pfb><H:/Programas instalados/Mytext/fonts/type1/public/amsfonts/cm/cmmi5.pfb><H:/Programas instalados/Mytext/fonts/type1/public/amsfonts/cm/cmmi7.pfb><H:/Programas instalados/Mytext/fonts/type1/public/amsfonts/cm/cmr10.pfb><H:/Programas instalados/Mytext/fonts/type1/public/amsfonts/cm/cmr12.pfb><H:/Programas instalados/Mytext/fonts/type1/public/amsfonts/cm/cmr17.pfb><H:/Programas instalados/Mytext/fonts/type1/public/amsfonts/cm/cmr5.pfb><H:/Programas instalados/Mytext/fonts/type1/public/amsfonts/cm/cmr7.pfb><H:/Programas instalados/Mytext/fonts/type1/public/amsfonts/cm/cmsy10.pfb><H:/Programas instalados/Mytext/fonts/type1/public/amsfonts/cm/cmsy7.pfb><H:/Programas instalados/Mytext/fonts/type1/public/amsfonts/latxfont/line10.pfb><H:/Programas instalados/Mytext/fonts/type1/public/amsfonts/latxfont/linew10.pfb><H:/Programas instalados/Mytext/fonts/type1/public/amsfonts/symbols/msam10.pfb>
Output written on formulas_1.pdf (4 pages, 140492 bytes).
PDF statistics:
 83 PDF objects out of 1000 (max. 8388607)
 0 named destinations out of 1000 (max. 500000)
 13 words of extra memory for PDF output out of 10000 (max. 10000000)

